<?xml version="1.0" encoding="UTF-8"?>
<testng-results skipped="0" failed="0" total="1" passed="1">
  <reporter-output>
  </reporter-output>
  <suite name="Default suite" duration-ms="13235" started-at="2019-06-27T04:17:04Z" finished-at="2019-06-27T04:17:17Z">
    <groups>
    </groups>
    <test name="Default test" duration-ms="13235" started-at="2019-06-27T04:17:04Z" finished-at="2019-06-27T04:17:17Z">
      <class name="com_SeleniumCodingChallangeSeries3_Test.homePageTest_3">
        <test-method status="PASS" signature="SetUp()[pri:0, instance:com_SeleniumCodingChallangeSeries3_Test.homePageTest_3@d8355a8]" name="SetUp" is-config="true" duration-ms="12455" started-at="2019-06-27T09:47:04Z" finished-at="2019-06-27T09:47:16Z">
          <reporter-output>
          </reporter-output>
        </test-method> <!-- SetUp -->
        <test-method status="PASS" signature="AddPeopleTest()[pri:0, instance:com_SeleniumCodingChallangeSeries3_Test.homePageTest_3@d8355a8]" name="AddPeopleTest" duration-ms="765" started-at="2019-06-27T09:47:16Z" finished-at="2019-06-27T09:47:17Z">
          <reporter-output>
          </reporter-output>
        </test-method> <!-- AddPeopleTest -->
      </class> <!-- com_SeleniumCodingChallangeSeries3_Test.homePageTest_3 -->
    </test> <!-- Default test -->
  </suite> <!-- Default suite -->
</testng-results>
